<?xml version="1.0" encoding="UTF-8"?>
<!-- Generated by org.testng.reporters.JUnitReportReporter -->
<testsuite hostname="DESKTOP-9QTIESN" failures="0" tests="1" name="demopack.Listingalloptionsfromselectclassandselecting" time="15.470" errors="0" timestamp="2024-12-29T11:38:32 IST" skipped="0">
  <testcase classname="demopack.Listingalloptionsfromselectclassandselecting" name="dropdown" time="15.470"/>
</testsuite> <!-- demopack.Listingalloptionsfromselectclassandselecting -->
