<?xml version="1.0" encoding="UTF-8"?>
<!-- Generated by org.testng.reporters.JUnitReportReporter -->
<testsuite hostname="DESKTOP-9QTIESN" failures="0" tests="2" name="demopack.C1" time="0.016" errors="0" timestamp="2025-01-11T17:06:52 IST" skipped="0">
  <testcase classname="demopack.C1" name="login" time="0.012"/>
  <system-out/>
  <testcase classname="demopack.C1" name="login" time="0.004"/>
  <system-out/>
</testsuite> <!-- demopack.C1 -->
