<?xml version="1.0" encoding="UTF-8"?>
<!-- Generated by org.testng.reporters.JUnitReportReporter -->
<testsuite hostname="DESKTOP-9QTIESN" failures="0" tests="1" name="demopack.DriverInvocation" time="10.839" errors="0" timestamp="2024-12-22T22:00:55 IST" skipped="0">
  <testcase classname="demopack.DriverInvocation" name="chromedriverinvoaction" time="10.839"/>
</testsuite> <!-- demopack.DriverInvocation -->
