<?xml version="1.0" encoding="UTF-8"?>
<!-- Generated by org.testng.reporters.JUnitReportReporter -->
<testsuite hostname="DESKTOP-9QTIESN" failures="0" tests="1" name="demopack.Radiobuttondemo" time="6.816" errors="0" timestamp="2024-12-24T11:45:53 IST" skipped="0">
  <testcase classname="demopack.Radiobuttondemo" name="groupradioButton" time="6.816"/>
</testsuite> <!-- demopack.Radiobuttondemo -->
