<?xml version="1.0" encoding="UTF-8"?>
<!-- Generated by org.testng.reporters.JUnitReportReporter -->
<testsuite hostname="DESKTOP-9QTIESN" failures="0" tests="1" name="demopack.FlipkartLocateallElements" time="34.307" errors="0" timestamp="2024-12-24T00:24:08 IST" skipped="0">
  <testcase classname="demopack.FlipkartLocateallElements" name="locateAllProductsInPage" time="34.307"/>
</testsuite> <!-- demopack.FlipkartLocateallElements -->
