<?xml version="1.0" encoding="UTF-8"?>
<!-- Generated by org.testng.reporters.JUnitReportReporter -->
<testsuite hostname="DESKTOP-9QTIESN" failures="0" tests="1" name="demopack.Takescreenshotbyscrolling" time="17.947" errors="0" timestamp="2025-01-10T11:22:58 IST" skipped="0">
  <testcase classname="demopack.Takescreenshotbyscrolling" name="takescreenshotofWebsite" time="17.947"/>
</testsuite> <!-- demopack.Takescreenshotbyscrolling -->
