<?xml version="1.0" encoding="UTF-8"?>
<!-- Generated by org.testng.reporters.JUnitReportReporter -->
<testsuite hostname="DESKTOP-9QTIESN" failures="0" tests="1" name="demopack.draganddropDemo" time="15.660" errors="0" timestamp="2024-12-24T16:14:59 IST" skipped="0">
  <testcase classname="demopack.draganddropDemo" name="herokudragandDrop" time="15.660"/>
</testsuite> <!-- demopack.draganddropDemo -->
