<?xml version="1.0" encoding="UTF-8"?>
<!-- Generated by org.testng.reporters.JUnitReportReporter -->
<testsuite hostname="DESKTOP-9QTIESN" failures="0" tests="1" name="demopack.checkwhethersumfromtableistrue" time="10.903" errors="0" timestamp="2024-12-29T16:23:23 IST" skipped="0">
  <testcase classname="demopack.checkwhethersumfromtableistrue" name="dropdown" time="10.903"/>
</testsuite> <!-- demopack.checkwhethersumfromtableistrue -->
