<?xml version="1.0" encoding="UTF-8"?>
<!-- Generated by org.testng.reporters.JUnitReportReporter -->
<testsuite hostname="DESKTOP-9QTIESN" failures="0" tests="1" name="demopack.DropdownUsingselect" time="18.419" errors="0" timestamp="2025-01-01T11:58:09 IST" skipped="0">
  <testcase classname="demopack.DropdownUsingselect" name="dropdown" time="18.419"/>
</testsuite> <!-- demopack.DropdownUsingselect -->
