<?xml version="1.0" encoding="UTF-8"?>
<!-- Generated by org.testng.reporters.JUnitReportReporter -->
<testsuite hostname="DESKTOP-9QTIESN" failures="0" tests="3" name="demopack.FirstTestcase" time="0.041" errors="0" timestamp="2025-01-11T14:56:33 IST" skipped="0">
  <testcase classname="demopack.FirstTestcase" name="closeapp" time="0.024"/>
  <testcase classname="demopack.FirstTestcase" name="openapp" time="0.005"/>
  <testcase classname="demopack.FirstTestcase" name="login" time="0.012"/>
</testsuite> <!-- demopack.FirstTestcase -->
