<?xml version="1.0" encoding="UTF-8"?>
<!-- Generated by org.testng.reporters.JUnitReportReporter -->
<testsuite hostname="DESKTOP-9QTIESN" failures="0" tests="1" name="demopack.checkboxdemo" time="9.312" errors="0" timestamp="2024-12-24T13:53:49 IST" skipped="0">
  <testcase classname="demopack.checkboxdemo" name="singlecheckbox" time="9.312"/>
</testsuite> <!-- demopack.checkboxdemo -->
