<?xml version="1.0" encoding="UTF-8"?>
<!-- Generated by org.testng.reporters.JUnitReportReporter -->
<testsuite hostname="DESKTOP-9QTIESN" failures="0" tests="1" name="demopack.BlazeDemoAssignment" time="17.626" errors="0" timestamp="2025-01-08T23:53:54 IST" skipped="0">
  <testcase classname="demopack.BlazeDemoAssignment" name="selectlowestfareflight" time="17.626"/>
</testsuite> <!-- demopack.BlazeDemoAssignment -->
