<?xml version="1.0" encoding="UTF-8"?>
<!-- Generated by org.testng.reporters.JUnitReportReporter -->
<testsuite hostname="DESKTOP-9QTIESN" failures="0" tests="1" name="demopack.ScreenshotDemo" time="16.452" errors="0" timestamp="2025-01-09T23:35:28 IST" skipped="0">
  <testcase classname="demopack.ScreenshotDemo" name="productAdditionToCart" time="16.452"/>
</testsuite> <!-- demopack.ScreenshotDemo -->
