<?xml version="1.0" encoding="UTF-8"?>
<!-- Generated by org.testng.reporters.JUnitReportReporter -->
<testsuite hostname="DESKTOP-9QTIESN" failures="0" tests="1" name="demopack.AssertDemo" time="14.876" errors="0" timestamp="2024-12-28T16:11:55 IST" skipped="0">
  <testcase classname="demopack.AssertDemo" name="productAdditionToCart" time="14.876"/>
</testsuite> <!-- demopack.AssertDemo -->
