<?xml version="1.0" encoding="UTF-8"?>
<!-- Generated by org.testng.reporters.JUnitReportReporter -->
<testsuite hostname="DESKTOP-9QTIESN" failures="0" tests="1" name="demopack.HandleTables" time="13.719" errors="0" timestamp="2024-12-26T14:08:06 IST" skipped="0">
  <testcase classname="demopack.HandleTables" name="handleDynTable" time="13.719"/>
</testsuite> <!-- demopack.HandleTables -->
