<?xml version="1.0" encoding="UTF-8"?>
<!-- Generated by org.testng.reporters.JUnitReportReporter -->
<testsuite hostname="DESKTOP-9QTIESN" failures="0" tests="1" name="demopack.JavascriptAlert" time="11.331" errors="0" timestamp="2025-01-11T15:31:29 IST" skipped="0">
  <testcase classname="demopack.JavascriptAlert" name="Alert" time="11.331"/>
</testsuite> <!-- demopack.JavascriptAlert -->
