<?xml version="1.0" encoding="UTF-8"?>
<!-- Generated by org.testng.reporters.JUnitReportReporter -->
<testsuite hostname="DESKTOP-9QTIESN" failures="0" tests="1" name="demopack.HandlingDynamicTable" time="18.201" errors="0" timestamp="2024-12-26T12:54:52 IST" skipped="0">
  <testcase classname="demopack.HandlingDynamicTable" name="handleDynTable" time="18.201"/>
</testsuite> <!-- demopack.HandlingDynamicTable -->
