<?xml version="1.0" encoding="UTF-8"?>
<!-- Generated by org.testng.reporters.JUnitReportReporter -->
<testsuite hostname="DESKTOP-9QTIESN" failures="0" tests="2" name="demopack.DemoAnnotation" time="0.050" errors="0" timestamp="2025-01-11T16:11:03 IST" skipped="0">
  <testcase classname="demopack.DemoAnnotation" name="advsearch" time="0.033"/>
  <system-out/>
  <testcase classname="demopack.DemoAnnotation" name="search" time="0.017"/>
  <system-out/>
</testsuite> <!-- demopack.DemoAnnotation -->
