<?xml version="1.0" encoding="UTF-8"?>
<!-- Generated by org.testng.reporters.JUnitReportReporter -->
<testsuite hostname="DESKTOP-9QTIESN" failures="0" tests="1" name="demopack.Jquerycalender" time="9.509" errors="0" timestamp="2024-12-27T23:37:45 IST" skipped="0">
  <testcase classname="demopack.Jquerycalender" name="handlingcalender" time="9.509"/>
</testsuite> <!-- demopack.Jquerycalender -->
