<?xml version="1.0" encoding="UTF-8"?>
<!-- Generated by org.testng.reporters.JUnitReportReporter -->
<testsuite hostname="DESKTOP-9QTIESN" failures="0" tests="1" name="demopack.Windowhandling" time="29.791" errors="0" timestamp="2024-12-24T10:50:40 IST" skipped="0">
  <testcase classname="demopack.Windowhandling" name="addProductToCart" time="29.791"/>
</testsuite> <!-- demopack.Windowhandling -->
