<?xml version="1.0" encoding="UTF-8"?>
<!-- Generated by org.testng.reporters.JUnitReportReporter -->
<testsuite hostname="DESKTOP-9QTIESN" failures="0" tests="1" name="demopack.DropdownwithoutSelect" time="6.496" errors="0" timestamp="2024-12-25T14:35:31 IST" skipped="0">
  <testcase classname="demopack.DropdownwithoutSelect" name="dropdownwithoutselect" time="6.496"/>
</testsuite> <!-- demopack.DropdownwithoutSelect -->
