<?xml version="1.0" encoding="UTF-8"?>
<!-- Generated by org.testng.reporters.JUnitReportReporter -->
<testsuite hostname="DESKTOP-9QTIESN" failures="0" tests="1" name="demopack.GeneralMethods" time="28.348" errors="0" timestamp="2024-12-22T22:00:55 IST" skipped="0">
  <testcase classname="demopack.GeneralMethods" name="grabText" time="28.348"/>
</testsuite> <!-- demopack.GeneralMethods -->
