<?xml version="1.0" encoding="UTF-8"?>
<!-- Generated by org.testng.reporters.JUnitReportReporter -->
<testsuite hostname="DESKTOP-9QTIESN" failures="0" tests="1" name="demopack.Handlecalender" time="14.470" errors="0" timestamp="2025-01-11T09:21:00 IST" skipped="0">
  <testcase classname="demopack.Handlecalender" name="Alert" time="14.470"/>
</testsuite> <!-- demopack.Handlecalender -->
