<?xml version="1.0" encoding="UTF-8"?>
<!-- Generated by org.testng.reporters.JUnitReportReporter -->
<testsuite hostname="DESKTOP-9QTIESN" failures="0" tests="1" name="demopack.LearnCssselector" time="15.098" errors="0" timestamp="2024-12-22T22:00:55 IST" skipped="0">
  <testcase classname="demopack.LearnCssselector" name="learncss" time="15.098"/>
</testsuite> <!-- demopack.LearnCssselector -->
