<?xml version="1.0" encoding="UTF-8"?>
<!-- Generated by org.testng.reporters.JUnitReportReporter -->
<testsuite hostname="DESKTOP-9QTIESN" failures="0" tests="1" name="demopack.locatingAnelementfromTable" time="12.686" errors="0" timestamp="2024-12-28T18:41:25 IST" skipped="0">
  <testcase classname="demopack.locatingAnelementfromTable" name="productAdditionToCart" time="12.686"/>
</testsuite> <!-- demopack.locatingAnelementfromTable -->
