<?xml version="1.0" encoding="UTF-8"?>
<!-- Generated by org.testng.reporters.JUnitReportReporter -->
<testsuite hostname="DESKTOP-9QTIESN" failures="0" tests="1" name="demopack.StudyLocators" time="12.200" errors="0" timestamp="2024-12-23T23:51:21 IST" skipped="0">
  <testcase classname="demopack.StudyLocators" name="variouslocators" time="12.200"/>
</testsuite> <!-- demopack.StudyLocators -->
