<?xml version="1.0" encoding="UTF-8"?>
<!-- Generated by org.testng.reporters.JUnitReportReporter -->
<testsuite hostname="DESKTOP-9QTIESN" failures="0" tests="1" name="demopack.Handleajaxcalls" time="12.258" errors="0" timestamp="2024-12-30T16:55:39 IST" skipped="0">
  <testcase classname="demopack.Handleajaxcalls" name="handleajaxdemo" time="12.258"/>
</testsuite> <!-- demopack.Handleajaxcalls -->
