<?xml version="1.0" encoding="UTF-8"?>
<!-- Generated by org.testng.reporters.JUnitReportReporter -->
<testsuite hostname="DESKTOP-9QTIESN" failures="0" tests="2" name="demopack.Dataproviderdemo" time="24.138" errors="0" timestamp="2024-12-28T21:58:53 IST" skipped="0">
  <testcase classname="demopack.Dataproviderdemo" name="dataprovidersumdemo" time="13.030"/>
  <testcase classname="demopack.Dataproviderdemo" name="dataprovidersumdemo" time="11.108"/>
</testsuite> <!-- demopack.Dataproviderdemo -->
