<?xml version="1.0" encoding="UTF-8"?>
<!-- Generated by org.testng.reporters.JUnitReportReporter -->
<testsuite hostname="DESKTOP-9QTIESN" failures="0" tests="2" name="demopack.DemoAnnotationTwo" time="0.019" errors="0" timestamp="2025-01-11T16:30:29 IST" skipped="0">
  <testcase classname="demopack.DemoAnnotationTwo" name="advsearch" time="0.016"/>
  <system-out/>
  <testcase classname="demopack.DemoAnnotationTwo" name="search" time="0.003"/>
  <system-out/>
</testsuite> <!-- demopack.DemoAnnotationTwo -->
