<?xml version="1.0" encoding="UTF-8"?>
<!-- Generated by org.testng.reporters.JUnitReportReporter -->
<testsuite hostname="DESKTOP-9QTIESN" failures="0" tests="1" name="demopack.ChecksameOptionsinthelistbox" time="10.636" errors="0" timestamp="2024-12-26T16:45:54 IST" skipped="0">
  <testcase classname="demopack.ChecksameOptionsinthelistbox" name="handlelistbox" time="10.636"/>
</testsuite> <!-- demopack.ChecksameOptionsinthelistbox -->
