<?xml version="1.0" encoding="UTF-8"?>
<!-- Generated by org.testng.reporters.JUnitReportReporter -->
<testsuite hostname="DESKTOP-9QTIESN" failures="0" tests="1" name="demopack.findelementsonpagescrollinginfinitely" time="58.435" errors="0" timestamp="2024-12-26T17:52:51 IST" skipped="0">
  <testcase classname="demopack.findelementsonpagescrollinginfinitely" name="handlelistbox" time="58.435"/>
</testsuite> <!-- demopack.findelementsonpagescrollinginfinitely -->
