<?xml version="1.0" encoding="UTF-8"?>
<!-- Generated by org.testng.reporters.JUnitReportReporter -->
<testsuite hostname="DESKTOP-9QTIESN" failures="0" tests="2" name="projecttwentytwodec.DemoAnnotation" time="0.029" errors="0" timestamp="2025-01-11T16:01:38 IST" skipped="0">
  <testcase classname="projecttwentytwodec.DemoAnnotation" name="advancedsearch" time="0.020"/>
  <system-out/>
  <testcase classname="projecttwentytwodec.DemoAnnotation" name="search" time="0.009"/>
  <system-out/>
</testsuite> <!-- projecttwentytwodec.DemoAnnotation -->
