<?xml version="1.0" encoding="UTF-8"?>
<!-- Generated by org.testng.reporters.JUnitReportReporter -->
<testsuite hostname="DESKTOP-9QTIESN" failures="0" tests="1" name="demopack.Windowhandlenew" time="42.424" errors="0" timestamp="2024-12-24T19:33:28 IST" skipped="0">
  <testcase classname="demopack.Windowhandlenew" name="flipkartaddtocart" time="42.424"/>
</testsuite> <!-- demopack.Windowhandlenew -->
