<?xml version="1.0" encoding="UTF-8"?>
<!-- Generated by org.testng.reporters.JUnitReportReporter -->
<testsuite hostname="DESKTOP-9QTIESN" failures="0" tests="1" name="demopack.LearnXpath" time="17.522" errors="0" timestamp="2024-12-22T22:00:55 IST" skipped="0">
  <testcase classname="demopack.LearnXpath" name="xpathlearningtool" time="17.522"/>
</testsuite> <!-- demopack.LearnXpath -->
