<?xml version="1.0" encoding="UTF-8"?>
<!-- Generated by org.testng.reporters.JUnitReportReporter -->
<testsuite hostname="DESKTOP-9QTIESN" failures="0" tests="4" name="demopack.DataProviderdemo2" time="35.951" errors="0" timestamp="2025-01-12T12:22:41 IST" skipped="0">
  <testcase classname="demopack.DataProviderdemo2" name="entervaluesininputfield" time="4.786"/>
  <system-out/>
  <testcase classname="demopack.DataProviderdemo2" name="entervaluesininputfield" time="15.043"/>
  <system-out/>
  <testcase classname="demopack.DataProviderdemo2" name="entervaluesininputfield" time="7.212"/>
  <system-out/>
  <testcase classname="demopack.DataProviderdemo2" name="entervaluesininputfield" time="8.910"/>
  <system-out/>
</testsuite> <!-- demopack.DataProviderdemo2 -->
