<?xml version="1.0" encoding="UTF-8"?>
<!-- Generated by org.testng.reporters.JUnitReportReporter -->
<testsuite hostname="DESKTOP-9QTIESN" failures="0" tests="2" name="demopack.Dataproviderstring" time="30.094" errors="0" timestamp="2024-12-28T22:38:54 IST" skipped="0">
  <testcase classname="demopack.Dataproviderstring" name="dataproviderconcept" time="11.394"/>
  <testcase classname="demopack.Dataproviderstring" name="dataproviderconcept" time="18.700"/>
</testsuite> <!-- demopack.Dataproviderstring -->
