<?xml version="1.0" encoding="UTF-8"?>
<!-- Generated by org.testng.reporters.JUnitReportReporter -->
<testsuite hostname="DESKTOP-9QTIESN" failures="0" tests="1" name="demopack.selectclassgetoptions" time="11.920" errors="0" timestamp="2025-01-08T23:40:34 IST" skipped="0">
  <testcase classname="demopack.selectclassgetoptions" name="selectdropdowngetoptionsdemo" time="11.920"/>
</testsuite> <!-- demopack.selectclassgetoptions -->
