<?xml version="1.0" encoding="UTF-8"?>
<!-- Generated by org.testng.reporters.JUnitReportReporter -->
<testsuite hostname="DESKTOP-9QTIESN" failures="0" tests="1" name="demopack.Dropdown" time="15.407" errors="0" timestamp="2024-12-25T11:08:08 IST" skipped="0">
  <testcase classname="demopack.Dropdown" name="keyboardactdemo" time="15.407"/>
</testsuite> <!-- demopack.Dropdown -->
