<?xml version="1.0" encoding="UTF-8"?>
<!-- Generated by org.testng.reporters.JUnitReportReporter -->
<testsuite hostname="DESKTOP-9QTIESN" failures="0" tests="1" name="demopack.KeyboardActions" time="17.767" errors="0" timestamp="2025-01-11T15:31:29 IST" skipped="0">
  <testcase classname="demopack.KeyboardActions" name="learnkeyboardaction" time="17.767"/>
</testsuite> <!-- demopack.KeyboardActions -->
