<?xml version="1.0" encoding="UTF-8"?>
<!-- Generated by org.testng.reporters.JUnitReportReporter -->
<testsuite hostname="DESKTOP-9QTIESN" failures="0" tests="1" name="demopack.datepickerdemo" time="12.610" errors="0" timestamp="2024-12-27T19:08:09 IST" skipped="0">
  <testcase classname="demopack.datepickerdemo" name="handlingcalender" time="12.610"/>
</testsuite> <!-- demopack.datepickerdemo -->
