<?xml version="1.0" encoding="UTF-8"?>
<!-- Generated by org.testng.reporters.JUnitReportReporter -->
<testsuite hostname="DESKTOP-9QTIESN" failures="0" tests="1" name="demopack.keyboardactionp2" time="24.789" errors="0" timestamp="2024-12-24T18:04:48 IST" skipped="0">
  <testcase classname="demopack.keyboardactionp2" name="keyboardactdemo" time="24.789"/>
</testsuite> <!-- demopack.keyboardactionp2 -->
