<?xml version="1.0" encoding="UTF-8"?>
<!-- Generated by org.testng.reporters.JUnitReportReporter -->
<testsuite hostname="DESKTOP-9QTIESN" failures="0" tests="1" name="demopack.Psuedoelements" time="8.866" errors="0" timestamp="2024-12-30T16:27:49 IST" skipped="0">
  <testcase classname="demopack.Psuedoelements" name="locatepsuedoelement" time="8.866"/>
</testsuite> <!-- demopack.Psuedoelements -->
