<?xml version="1.0" encoding="UTF-8"?>
<!-- Generated by org.testng.reporters.JUnitReportReporter -->
<testsuite hostname="DESKTOP-9QTIESN" failures="0" tests="1" name="demopack.OpeninANewPageDemo" time="31.436" errors="0" timestamp="2025-01-09T19:38:02 IST" skipped="0">
  <testcase classname="demopack.OpeninANewPageDemo" name="openInANewWindow" time="31.436"/>
</testsuite> <!-- demopack.OpeninANewPageDemo -->
