<?xml version="1.0" encoding="UTF-8"?>
<!-- Generated by org.testng.reporters.JUnitReportReporter -->
<testsuite hostname="DESKTOP-9QTIESN" failures="0" tests="1" name="demopack.Iframedemo" time="10.683" errors="0" timestamp="2024-12-26T10:59:12 IST" skipped="0">
  <testcase classname="demopack.Iframedemo" name="framehandling" time="10.683"/>
</testsuite> <!-- demopack.Iframedemo -->
