<?xml version="1.0" encoding="UTF-8"?>
<!-- Generated by org.testng.reporters.JUnitReportReporter -->
<testsuite hostname="DESKTOP-9QTIESN" failures="0" tests="1" name="demopack.HandlingsvgElements" time="14.277" errors="0" timestamp="2024-12-26T16:11:29 IST" skipped="0">
  <testcase classname="demopack.HandlingsvgElements" name="svghandling" time="14.277"/>
</testsuite> <!-- demopack.HandlingsvgElements -->
